<?xml version="1.0" encoding="UTF-8"?>
<!-- Generated by org.testng.reporters.JUnitReportReporter -->
<testsuite hostname="DESKTOP-M8CP97L" failures="0" tests="2" name="Program.MavenDemo.TestNG" time="2.358" errors="0" timestamp="28 Aug 2022 06:30:52 GMT" skipped="0">
  <testcase classname="Program.MavenDemo.TestNG" name="login" time="2.293"/>
  <testcase classname="Program.MavenDemo.TestNG" name="verifyUserProfile" time="0.065"/>
</testsuite> <!-- Program.MavenDemo.TestNG -->
