<?xml version="1.0" encoding="UTF-8"?>
<!-- Generated by org.testng.reporters.JUnitReportReporter -->
<testsuite hostname="DESKTOP-M8CP97L" failures="0" tests="1" name="Program.MavenDemo.AppTest" time="0.012" errors="0" timestamp="28 Aug 2022 06:30:52 GMT" skipped="0">
  <testcase classname="Program.MavenDemo.AppTest" name="shouldAnswerWithTrue" time="0.012"/>
</testsuite> <!-- Program.MavenDemo.AppTest -->
