<?xml version="1.0" encoding="UTF-8"?>
<!-- Generated by org.testng.reporters.JUnitReportReporter -->
<testsuite hostname="DESKTOP-M8CP97L" failures="0" tests="3" name="Program.MavenDemo.SaucedemoTestNG" time="9.391" errors="0" timestamp="2022-09-16T13:37:24 IST" skipped="0">
  <testcase classname="Program.MavenDemo.SaucedemoTestNG" name="Saucedemologin" time="3.099"/>
  <system-out/>
  <testcase classname="Program.MavenDemo.SaucedemoTestNG" name="SaucedemoHome" time="2.932"/>
  <system-out/>
  <testcase classname="Program.MavenDemo.SaucedemoTestNG" name="SaucedemoCheckout" time="3.360"/>
  <system-out/>
</testsuite> <!-- Program.MavenDemo.SaucedemoTestNG -->
