<?xml version="1.0" encoding="UTF-8"?>
<!-- Generated by org.testng.reporters.JUnitReportReporter -->
<testsuite hostname="DESKTOP-M8CP97L" failures="0" tests="4" name="Program.MavenDemo.AppTest" time="36.987" errors="0" timestamp="2022-09-06T14:43:40 IST" skipped="1">
  <testcase classname="Program.MavenDemo.AppTest" name="LoginA" time="12.044"/>
  <system-out/>
  <testcase classname="Program.MavenDemo.AppTest" name="LoginC" time="10.284"/>
  <system-out/>
  <testcase classname="Program.MavenDemo.AppTest" name="LoginD" time="14.659"/>
  <system-out/>
  <testcase classname="Program.MavenDemo.AppTest" name="LoginB">
    <skipped/>
  </testcase> <!-- LoginB -->
  <system-out/>
</testsuite> <!-- Program.MavenDemo.AppTest -->
